<?xml version="1.0" encoding="UTF-8"?>
<!-- Generated by org.testng.reporters.JUnitReportReporter -->
<testsuite skipped="0" hostname="CDC2-L-BWLQ882" name="com.tests.NewTest2" tests="1" failures="0" timestamp="17 Apr 2018 07:01:36 GMT" time="22.501" errors="0">
  <testcase name="launchfirefox" time="22.501" classname="com.tests.NewTest2"/>
</testsuite> <!-- com.tests.NewTest2 -->
